2018-02-08 15:42:17,970 - HEC_runs.fit_fia_logbiomass_logspp_GLS - INFO - Reprojecting to Alberts equal area
2018-02-08 15:42:27,553 - HEC_runs.fit_fia_logbiomass_logspp_GLS - INFO - Removing possible duplicates. 
 This avoids problems of Non Positive semidefinite
2018-02-08 15:42:27,645 - HEC_runs.fit_fia_logbiomass_logspp_GLS - INFO - Fitting OLS linear model: logBiomass ~ logSppN 
2018-02-08 15:42:27,726 - HEC_runs.fit_fia_logbiomass_logspp_GLS - INFO - Subselecting Region
2018-06-01 17:02:37,223 - HEC_runs.fit_fia_logbiomass_logspp_GLS - INFO - Reprojecting to Alberts equal area
2018-06-01 17:02:43,281 - HEC_runs.fit_fia_logbiomass_logspp_GLS - INFO - Removing possible duplicates. 
 This avoids problems of Non Positive semidefinite
2018-06-01 17:02:43,350 - HEC_runs.fit_fia_logbiomass_logspp_GLS - INFO - Fitting OLS linear model: logBiomass ~ logSppN 
2018-06-01 17:02:43,458 - HEC_runs.fit_fia_logbiomass_logspp_GLS - INFO - Subselecting Region
2018-06-08 13:59:26,353 - HEC_runs.fit_fia_logbiomass_logspp_GLS - INFO - Reprojecting to Alberts equal area
2018-06-08 13:59:32,296 - HEC_runs.fit_fia_logbiomass_logspp_GLS - INFO - Removing possible duplicates. 
 This avoids problems of Non Positive semidefinite
2018-06-08 13:59:32,367 - HEC_runs.fit_fia_logbiomass_logspp_GLS - INFO - Fitting OLS linear model: logBiomass ~ logSppN 
2018-06-08 13:59:32,452 - HEC_runs.fit_fia_logbiomass_logspp_GLS - INFO - Subselecting Region
2018-06-08 14:16:48,834 - HEC_runs.fit_fia_logbiomass_logspp_GLS - INFO - Reprojecting to Alberts equal area
2018-06-08 14:16:54,940 - HEC_runs.fit_fia_logbiomass_logspp_GLS - INFO - Removing possible duplicates. 
 This avoids problems of Non Positive semidefinite
2018-06-08 14:16:55,008 - HEC_runs.fit_fia_logbiomass_logspp_GLS - INFO - Fitting OLS linear model: logBiomass ~ logSppN 
2018-06-08 14:16:55,111 - HEC_runs.fit_fia_logbiomass_logspp_GLS - INFO - Subselecting Region
2018-06-08 14:17:35,096 - HEC_runs.fit_fia_logbiomass_logspp_GLS - INFO - Reprojecting to Alberts equal area
2018-06-08 14:17:41,042 - HEC_runs.fit_fia_logbiomass_logspp_GLS - INFO - Removing possible duplicates. 
 This avoids problems of Non Positive semidefinite
2018-06-08 14:17:41,107 - HEC_runs.fit_fia_logbiomass_logspp_GLS - INFO - Fitting OLS linear model: logBiomass ~ logSppN 
2018-06-08 14:17:41,209 - HEC_runs.fit_fia_logbiomass_logspp_GLS - INFO - Subselecting Region
2018-06-08 21:21:20,479 - HEC_runs.fit_fia_logbiomass_logspp_GLS - INFO - Reprojecting to Alberts equal area
2018-06-08 21:21:26,639 - HEC_runs.fit_fia_logbiomass_logspp_GLS - INFO - Removing possible duplicates. 
 This avoids problems of Non Positive semidefinite
2018-06-08 21:21:26,709 - HEC_runs.fit_fia_logbiomass_logspp_GLS - INFO - Fitting OLS linear model: logBiomass ~ logSppN 
2018-06-08 21:21:26,895 - HEC_runs.fit_fia_logbiomass_logspp_GLS - INFO - Subselecting Region
2018-06-11 16:57:23,005 - HEC_runs.fit_fia_logbiomass_logspp_GLS - INFO - Reprojecting to Alberts equal area
2018-06-11 16:57:29,076 - HEC_runs.fit_fia_logbiomass_logspp_GLS - INFO - Removing possible duplicates. 
 This avoids problems of Non Positive semidefinite
2018-06-11 16:57:29,143 - HEC_runs.fit_fia_logbiomass_logspp_GLS - INFO - Fitting OLS linear model: logBiomass ~ logSppN 
2018-06-11 16:57:29,246 - HEC_runs.fit_fia_logbiomass_logspp_GLS - INFO - Subselecting Region
2018-06-11 17:11:53,899 - HEC_runs.fit_fia_logbiomass_logspp_GLS - INFO - Reprojecting to Alberts equal area
2018-06-11 17:11:59,969 - HEC_runs.fit_fia_logbiomass_logspp_GLS - INFO - Removing possible duplicates. 
 This avoids problems of Non Positive semidefinite
2018-06-11 17:12:00,038 - HEC_runs.fit_fia_logbiomass_logspp_GLS - INFO - Fitting OLS linear model: logBiomass ~ logSppN 
2018-06-11 17:12:00,125 - HEC_runs.fit_fia_logbiomass_logspp_GLS - INFO - Subselecting Region
2018-06-11 18:11:45,182 - HEC_runs.fit_fia_logbiomass_logspp_GLS - INFO - Reprojecting to Alberts equal area
2018-06-11 18:11:51,161 - HEC_runs.fit_fia_logbiomass_logspp_GLS - INFO - Removing possible duplicates. 
 This avoids problems of Non Positive semidefinite
2018-06-11 18:11:51,229 - HEC_runs.fit_fia_logbiomass_logspp_GLS - INFO - Fitting OLS linear model: logBiomass ~ logSppN 
2018-06-11 18:11:51,315 - HEC_runs.fit_fia_logbiomass_logspp_GLS - INFO - Subselecting Region
2018-06-11 18:17:39,269 - HEC_runs.fit_fia_logbiomass_logspp_GLS - INFO - Reprojecting to Alberts equal area
2018-06-11 18:17:45,303 - HEC_runs.fit_fia_logbiomass_logspp_GLS - INFO - Removing possible duplicates. 
 This avoids problems of Non Positive semidefinite
2018-06-11 18:17:45,371 - HEC_runs.fit_fia_logbiomass_logspp_GLS - INFO - Fitting OLS linear model: logBiomass ~ logSppN 
2018-06-11 18:17:45,457 - HEC_runs.fit_fia_logbiomass_logspp_GLS - INFO - Subselecting Region
2018-06-11 18:22:05,052 - HEC_runs.fit_fia_logbiomass_logspp_GLS - INFO - Reprojecting to Alberts equal area
2018-06-11 18:22:11,267 - HEC_runs.fit_fia_logbiomass_logspp_GLS - INFO - Removing possible duplicates. 
 This avoids problems of Non Positive semidefinite
2018-06-11 18:22:11,337 - HEC_runs.fit_fia_logbiomass_logspp_GLS - INFO - Fitting OLS linear model: logBiomass ~ logSppN 
2018-06-11 18:22:11,425 - HEC_runs.fit_fia_logbiomass_logspp_GLS - INFO - Subselecting Region
2018-06-11 18:49:04,004 - HEC_runs.fit_fia_logbiomass_logspp_GLS - INFO - Reprojecting to Alberts equal area
2018-06-11 18:49:10,225 - HEC_runs.fit_fia_logbiomass_logspp_GLS - INFO - Removing possible duplicates. 
 This avoids problems of Non Positive semidefinite
2018-06-11 18:49:10,297 - HEC_runs.fit_fia_logbiomass_logspp_GLS - INFO - Fitting OLS linear model: logBiomass ~ logSppN 
2018-06-11 18:49:10,385 - HEC_runs.fit_fia_logbiomass_logspp_GLS - INFO - Subselecting Region
2018-06-12 13:23:20,542 - HEC_runs.fit_fia_logbiomass_logspp_GLS - INFO - Reprojecting to Alberts equal area
2018-06-12 13:23:26,948 - HEC_runs.fit_fia_logbiomass_logspp_GLS - INFO - Removing possible duplicates. 
 This avoids problems of Non Positive semidefinite
2018-06-12 13:23:27,021 - HEC_runs.fit_fia_logbiomass_logspp_GLS - INFO - Fitting OLS linear model: logBiomass ~ logSppN 
2018-06-12 13:23:27,241 - HEC_runs.fit_fia_logbiomass_logspp_GLS - INFO - Subselecting Region
2018-06-12 19:08:11,616 - HEC_runs.fit_fia_logbiomass_logspp_GLS - INFO - Reprojecting to Alberts equal area
2018-06-12 19:08:17,955 - HEC_runs.fit_fia_logbiomass_logspp_GLS - INFO - Removing possible duplicates. 
 This avoids problems of Non Positive semidefinite
2018-06-12 19:08:18,026 - HEC_runs.fit_fia_logbiomass_logspp_GLS - INFO - Fitting OLS linear model: logBiomass ~ logSppN 
2018-06-12 19:08:18,731 - HEC_runs.fit_fia_logbiomass_logspp_GLS - INFO - Subselecting Region
2018-06-12 19:33:02,057 - HEC_runs.fit_fia_logbiomass_logspp_GLS - INFO - Reprojecting to Alberts equal area
2018-06-12 19:33:08,199 - HEC_runs.fit_fia_logbiomass_logspp_GLS - INFO - Removing possible duplicates. 
 This avoids problems of Non Positive semidefinite
2018-06-12 19:33:08,276 - HEC_runs.fit_fia_logbiomass_logspp_GLS - INFO - Fitting OLS linear model: logBiomass ~ logSppN 
2018-06-12 19:33:08,367 - HEC_runs.fit_fia_logbiomass_logspp_GLS - INFO - Subselecting Region
2018-06-12 19:40:34,533 - HEC_runs.fit_fia_logbiomass_logspp_GLS - INFO - Reprojecting to Alberts equal area
2018-06-12 19:40:40,609 - HEC_runs.fit_fia_logbiomass_logspp_GLS - INFO - Removing possible duplicates. 
 This avoids problems of Non Positive semidefinite
2018-06-12 19:40:40,677 - HEC_runs.fit_fia_logbiomass_logspp_GLS - INFO - Fitting OLS linear model: logBiomass ~ logSppN 
2018-06-12 19:40:40,768 - HEC_runs.fit_fia_logbiomass_logspp_GLS - INFO - Subselecting Region
